==8773== Memcheck, a memory error detector
==8773== Copyright (C) 2002-2015, and GNU GPL'd, by Julian Seward et al.
==8773== Using Valgrind-3.11.0 and LibVEX; rerun with -h for copyright info
==8773== Command: ./bounds
==8773== Parent PID: 8724
==8773== 
==8773== Invalid write of size 4
==8773==    at 0x40054D: main (bounds.c:20)
==8773==  Address 0x52041d0 is 0 bytes after a block of size 400 alloc'd
==8773==    at 0x4C2DB8F: malloc (in /usr/lib/valgrind/vgpreload_memcheck-amd64-linux.so)
==8773==    by 0x40053E: main (bounds.c:19)
==8773== 
==8773== 
==8773== HEAP SUMMARY:
==8773==     in use at exit: 400 bytes in 1 blocks
==8773==   total heap usage: 1 allocs, 0 frees, 400 bytes allocated
==8773== 
==8773== 400 bytes in 1 blocks are definitely lost in loss record 1 of 1
==8773==    at 0x4C2DB8F: malloc (in /usr/lib/valgrind/vgpreload_memcheck-amd64-linux.so)
==8773==    by 0x40053E: main (bounds.c:19)
==8773== 
==8773== LEAK SUMMARY:
==8773==    definitely lost: 400 bytes in 1 blocks
==8773==    indirectly lost: 0 bytes in 0 blocks
==8773==      possibly lost: 0 bytes in 0 blocks
==8773==    still reachable: 0 bytes in 0 blocks
==8773==         suppressed: 0 bytes in 0 blocks
==8773== 
==8773== For counts of detected and suppressed errors, rerun with: -v
==8773== ERROR SUMMARY: 2 errors from 2 contexts (suppressed: 0 from 0)
