==8785== Memcheck, a memory error detector
==8785== Copyright (C) 2002-2015, and GNU GPL'd, by Julian Seward et al.
==8785== Using Valgrind-3.11.0 and LibVEX; rerun with -h for copyright info
==8785== Command: ./datagone
==8785== Parent PID: 8724
==8785== 
==8785== Invalid read of size 4
==8785==    at 0x4005E9: main (datagone.c:22)
==8785==  Address 0x5204108 is 200 bytes inside a block of size 400 free'd
==8785==    at 0x4C2EDEB: free (in /usr/lib/valgrind/vgpreload_memcheck-amd64-linux.so)
==8785==    by 0x4005DE: main (datagone.c:20)
==8785==  Block was alloc'd at
==8785==    at 0x4C2DB8F: malloc (in /usr/lib/valgrind/vgpreload_memcheck-amd64-linux.so)
==8785==    by 0x4005CE: main (datagone.c:19)
==8785== 
==8785== 
==8785== HEAP SUMMARY:
==8785==     in use at exit: 0 bytes in 0 blocks
==8785==   total heap usage: 2 allocs, 2 frees, 1,424 bytes allocated
==8785== 
==8785== All heap blocks were freed -- no leaks are possible
==8785== 
==8785== For counts of detected and suppressed errors, rerun with: -v
==8785== ERROR SUMMARY: 1 errors from 1 contexts (suppressed: 0 from 0)
