==8796== Memcheck, a memory error detector
==8796== Copyright (C) 2002-2015, and GNU GPL'd, by Julian Seward et al.
==8796== Using Valgrind-3.11.0 and LibVEX; rerun with -h for copyright info
==8796== Command: ./freebad
==8796== Parent PID: 8724
==8796== 
==8796== Invalid free() / delete / delete[] / realloc()
==8796==    at 0x4C2EDEB: free (in /usr/lib/valgrind/vgpreload_memcheck-amd64-linux.so)
==8796==    by 0x400594: main (freebad.c:21)
==8796==  Address 0x5204108 is 200 bytes inside a block of size 400 alloc'd
==8796==    at 0x4C2DB8F: malloc (in /usr/lib/valgrind/vgpreload_memcheck-amd64-linux.so)
==8796==    by 0x40057E: main (freebad.c:20)
==8796== 
==8796== 
==8796== HEAP SUMMARY:
==8796==     in use at exit: 400 bytes in 1 blocks
==8796==   total heap usage: 1 allocs, 1 frees, 400 bytes allocated
==8796== 
==8796== 400 bytes in 1 blocks are definitely lost in loss record 1 of 1
==8796==    at 0x4C2DB8F: malloc (in /usr/lib/valgrind/vgpreload_memcheck-amd64-linux.so)
==8796==    by 0x40057E: main (freebad.c:20)
==8796== 
==8796== LEAK SUMMARY:
==8796==    definitely lost: 400 bytes in 1 blocks
==8796==    indirectly lost: 0 bytes in 0 blocks
==8796==      possibly lost: 0 bytes in 0 blocks
==8796==    still reachable: 0 bytes in 0 blocks
==8796==         suppressed: 0 bytes in 0 blocks
==8796== 
==8796== For counts of detected and suppressed errors, rerun with: -v
==8796== ERROR SUMMARY: 2 errors from 2 contexts (suppressed: 0 from 0)
