==8764== Memcheck, a memory error detector
==8764== Copyright (C) 2002-2015, and GNU GPL'd, by Julian Seward et al.
==8764== Using Valgrind-3.11.0 and LibVEX; rerun with -h for copyright info
==8764== Command: ./nofree
==8764== Parent PID: 8724
==8764== 
==8764== 
==8764== HEAP SUMMARY:
==8764==     in use at exit: 1,024 bytes in 1 blocks
==8764==   total heap usage: 1 allocs, 0 frees, 1,024 bytes allocated
==8764== 
==8764== 1,024 bytes in 1 blocks are definitely lost in loss record 1 of 1
==8764==    at 0x4C2DB8F: malloc (in /usr/lib/valgrind/vgpreload_memcheck-amd64-linux.so)
==8764==    by 0x40053E: main (nofree.c:19)
==8764== 
==8764== LEAK SUMMARY:
==8764==    definitely lost: 1,024 bytes in 1 blocks
==8764==    indirectly lost: 0 bytes in 0 blocks
==8764==      possibly lost: 0 bytes in 0 blocks
==8764==    still reachable: 0 bytes in 0 blocks
==8764==         suppressed: 0 bytes in 0 blocks
==8764== 
==8764== For counts of detected and suppressed errors, rerun with: -v
==8764== ERROR SUMMARY: 1 errors from 1 contexts (suppressed: 0 from 0)
