==8732== Memcheck, a memory error detector
==8732== Copyright (C) 2002-2015, and GNU GPL'd, by Julian Seward et al.
==8732== Using Valgrind-3.11.0 and LibVEX; rerun with -h for copyright info
==8732== Command: ./null
==8732== Parent PID: 8724
==8732== 
==8732== Use of uninitialised value of size 8
==8732==    at 0x4004E5: main (null.c:23)
==8732== 
==8732== Invalid write of size 4
==8732==    at 0x4004E5: main (null.c:23)
==8732==  Address 0x0 is not stack'd, malloc'd or (recently) free'd
==8732== 
==8732== 
==8732== Process terminating with default action of signal 11 (SIGSEGV)
==8732==  Access not within mapped region at address 0x0
==8732==    at 0x4004E5: main (null.c:23)
==8732==  If you believe this happened as a result of a stack
==8732==  overflow in your program's main thread (unlikely but
==8732==  possible), you can try to increase the size of the
==8732==  main thread stack using the --main-stacksize= flag.
==8732==  The main thread stack size used in this run was 8388608.
==8732== 
==8732== HEAP SUMMARY:
==8732==     in use at exit: 0 bytes in 0 blocks
==8732==   total heap usage: 0 allocs, 0 frees, 0 bytes allocated
==8732== 
==8732== All heap blocks were freed -- no leaks are possible
==8732== 
==8732== For counts of detected and suppressed errors, rerun with: -v
==8732== Use --track-origins=yes to see where uninitialised values come from
==8732== ERROR SUMMARY: 2 errors from 2 contexts (suppressed: 0 from 0)
